/home/tatan/fis_ws/src/bale_scanner/install/bale_scanner/lib/python3.10/site-packages/bale_scanner/__init__.py
/home/tatan/fis_ws/src/bale_scanner/install/bale_scanner/lib/python3.10/site-packages/bale_scanner/bale_reconstructor.py
/home/tatan/fis_ws/src/bale_scanner/install/bale_scanner/lib/python3.10/site-packages/bale_scanner/bale_visualizer.py
/home/tatan/fis_ws/src/bale_scanner/install/bale_scanner/lib/python3.10/site-packages/bale_scanner/test.py
/home/tatan/fis_ws/src/bale_scanner/install/bale_scanner/lib/python3.10/site-packages/bale_scanner/__pycache__/__init__.cpython-310.pyc
/home/tatan/fis_ws/src/bale_scanner/install/bale_scanner/lib/python3.10/site-packages/bale_scanner/__pycache__/bale_reconstructor.cpython-310.pyc
/home/tatan/fis_ws/src/bale_scanner/install/bale_scanner/lib/python3.10/site-packages/bale_scanner/__pycache__/bale_visualizer.cpython-310.pyc
/home/tatan/fis_ws/src/bale_scanner/install/bale_scanner/lib/python3.10/site-packages/bale_scanner/__pycache__/test.cpython-310.pyc
/home/tatan/fis_ws/src/bale_scanner/install/bale_scanner/share/ament_index/resource_index/packages/bale_scanner
/home/tatan/fis_ws/src/bale_scanner/install/bale_scanner/share/bale_scanner/package.xml
/home/tatan/fis_ws/src/bale_scanner/install/bale_scanner/lib/python3.10/site-packages/bale_scanner-0.0.0-py3.10.egg-info/entry_points.txt
/home/tatan/fis_ws/src/bale_scanner/install/bale_scanner/lib/python3.10/site-packages/bale_scanner-0.0.0-py3.10.egg-info/requires.txt
/home/tatan/fis_ws/src/bale_scanner/install/bale_scanner/lib/python3.10/site-packages/bale_scanner-0.0.0-py3.10.egg-info/dependency_links.txt
/home/tatan/fis_ws/src/bale_scanner/install/bale_scanner/lib/python3.10/site-packages/bale_scanner-0.0.0-py3.10.egg-info/PKG-INFO
/home/tatan/fis_ws/src/bale_scanner/install/bale_scanner/lib/python3.10/site-packages/bale_scanner-0.0.0-py3.10.egg-info/top_level.txt
/home/tatan/fis_ws/src/bale_scanner/install/bale_scanner/lib/python3.10/site-packages/bale_scanner-0.0.0-py3.10.egg-info/zip-safe
/home/tatan/fis_ws/src/bale_scanner/install/bale_scanner/lib/python3.10/site-packages/bale_scanner-0.0.0-py3.10.egg-info/SOURCES.txt
/home/tatan/fis_ws/src/bale_scanner/install/bale_scanner/lib/bale_scanner/bale_reconstructor
/home/tatan/fis_ws/src/bale_scanner/install/bale_scanner/lib/bale_scanner/bale_visualizer
/home/tatan/fis_ws/src/bale_scanner/install/bale_scanner/lib/bale_scanner/test
