[0.129s] DEBUG:colcon:Command line arguments: ['/usr/bin/colcon', 'build']
[0.130s] DEBUG:colcon:Parsed command line arguments: Namespace(log_base=None, log_level=None, verb_name='build', build_base='build', install_base='install', merge_install=False, symlink_install=False, test_result_base=None, continue_on_error=False, executor='parallel', parallel_workers=16, event_handlers=None, ignore_user_meta=False, metas=['./colcon.meta'], base_paths=['.'], packages_ignore=None, packages_ignore_regex=None, paths=None, packages_up_to=None, packages_up_to_regex=None, packages_above=None, packages_above_and_dependencies=None, packages_above_depth=None, packages_select_by_dep=None, packages_skip_by_dep=None, packages_skip_up_to=None, packages_select_build_failed=False, packages_skip_build_finished=False, packages_select_test_failures=False, packages_skip_test_passed=False, packages_select=None, packages_skip=None, packages_select_regex=None, packages_skip_regex=None, packages_start=None, packages_end=None, allow_overriding=[], cmake_args=None, cmake_target=None, cmake_target_skip_unavailable=False, cmake_clean_cache=False, cmake_clean_first=False, cmake_force_configure=False, ament_cmake_args=None, catkin_cmake_args=None, catkin_skip_building_tests=False, verb_parser=<colcon_defaults.argument_parser.defaults.DefaultArgumentsDecorator object at 0x79de7266cd00>, verb_extension=<colcon_core.verb.build.BuildVerb object at 0x79de7277a1a0>, main=<bound method BuildVerb.main of <colcon_core.verb.build.BuildVerb object at 0x79de7277a1a0>>)
[0.350s] Level 1:colcon.colcon_core.package_discovery:discover_packages(colcon_meta) check parameters
[0.350s] Level 1:colcon.colcon_core.package_discovery:discover_packages(recursive) check parameters
[0.350s] Level 1:colcon.colcon_core.package_discovery:discover_packages(ignore) check parameters
[0.350s] Level 1:colcon.colcon_core.package_discovery:discover_packages(path) check parameters
[0.350s] Level 1:colcon.colcon_core.package_discovery:discover_packages(colcon_meta) discover
[0.350s] Level 1:colcon.colcon_core.package_discovery:discover_packages(recursive) discover
[0.350s] INFO:colcon.colcon_core.package_discovery:Crawling recursively for packages in '/home/tatan/fis_ws/src/bale_scanner'
[0.350s] Level 1:colcon.colcon_core.package_identification:_identify(.) by extensions ['ignore', 'ignore_ament_install']
[0.350s] Level 1:colcon.colcon_core.package_identification:_identify(.) by extension 'ignore'
[0.350s] Level 1:colcon.colcon_core.package_identification:_identify(.) by extension 'ignore_ament_install'
[0.350s] Level 1:colcon.colcon_core.package_identification:_identify(.) by extensions ['colcon_pkg']
[0.350s] Level 1:colcon.colcon_core.package_identification:_identify(.) by extension 'colcon_pkg'
[0.350s] Level 1:colcon.colcon_core.package_identification:_identify(.) by extensions ['colcon_meta']
[0.350s] Level 1:colcon.colcon_core.package_identification:_identify(.) by extension 'colcon_meta'
[0.351s] Level 1:colcon.colcon_core.package_identification:_identify(.) by extensions ['ros']
[0.351s] Level 1:colcon.colcon_core.package_identification:_identify(.) by extension 'ros'
[0.367s] DEBUG:colcon.colcon_core.package_identification:Package '.' with type 'ros.ament_python' and name 'bale_scanner'
[0.368s] Level 1:colcon.colcon_core.package_discovery:discover_packages(recursive) using defaults
[0.368s] Level 1:colcon.colcon_core.package_discovery:discover_packages(ignore) discover
[0.368s] Level 1:colcon.colcon_core.package_discovery:discover_packages(ignore) using defaults
[0.368s] Level 1:colcon.colcon_core.package_discovery:discover_packages(path) discover
[0.368s] Level 1:colcon.colcon_core.package_discovery:discover_packages(path) using defaults
[0.407s] Level 1:colcon.colcon_core.package_discovery:discover_packages(prefix_path) check parameters
[0.407s] Level 1:colcon.colcon_core.package_discovery:discover_packages(prefix_path) discover
[0.409s] DEBUG:colcon.colcon_installed_package_information.package_discovery:Found 1 installed packages in /home/tatan/fis_ws/src/install
[0.411s] DEBUG:colcon.colcon_installed_package_information.package_discovery:Found 404 installed packages in /opt/ros/humble
[0.413s] Level 1:colcon.colcon_core.package_discovery:discover_packages(prefix_path) using defaults
[0.476s] Level 5:colcon.colcon_core.verb:set package 'bale_scanner' build argument 'cmake_args' from command line to 'None'
[0.476s] Level 5:colcon.colcon_core.verb:set package 'bale_scanner' build argument 'cmake_target' from command line to 'None'
[0.476s] Level 5:colcon.colcon_core.verb:set package 'bale_scanner' build argument 'cmake_target_skip_unavailable' from command line to 'False'
[0.476s] Level 5:colcon.colcon_core.verb:set package 'bale_scanner' build argument 'cmake_clean_cache' from command line to 'False'
[0.477s] Level 5:colcon.colcon_core.verb:set package 'bale_scanner' build argument 'cmake_clean_first' from command line to 'False'
[0.477s] Level 5:colcon.colcon_core.verb:set package 'bale_scanner' build argument 'cmake_force_configure' from command line to 'False'
[0.477s] Level 5:colcon.colcon_core.verb:set package 'bale_scanner' build argument 'ament_cmake_args' from command line to 'None'
[0.477s] Level 5:colcon.colcon_core.verb:set package 'bale_scanner' build argument 'catkin_cmake_args' from command line to 'None'
[0.477s] Level 5:colcon.colcon_core.verb:set package 'bale_scanner' build argument 'catkin_skip_building_tests' from command line to 'False'
[0.477s] DEBUG:colcon.colcon_core.verb:Building package 'bale_scanner' with the following arguments: {'ament_cmake_args': None, 'build_base': '/home/tatan/fis_ws/src/bale_scanner/build/bale_scanner', 'catkin_cmake_args': None, 'catkin_skip_building_tests': False, 'cmake_args': None, 'cmake_clean_cache': False, 'cmake_clean_first': False, 'cmake_force_configure': False, 'cmake_target': None, 'cmake_target_skip_unavailable': False, 'install_base': '/home/tatan/fis_ws/src/bale_scanner/install/bale_scanner', 'merge_install': False, 'path': '/home/tatan/fis_ws/src/bale_scanner', 'symlink_install': False, 'test_result_base': None}
[0.477s] INFO:colcon.colcon_core.executor:Executing jobs using 'parallel' executor
[0.479s] DEBUG:colcon.colcon_parallel_executor.executor.parallel:run_until_complete
[0.479s] INFO:colcon.colcon_ros.task.ament_python.build:Building ROS package in '/home/tatan/fis_ws/src/bale_scanner' with build type 'ament_python'
[0.479s] Level 1:colcon.colcon_core.shell:create_environment_hook('bale_scanner', 'ament_prefix_path')
[0.482s] INFO:colcon.colcon_core.plugin_system:Skipping extension 'colcon_core.shell.bat': Not used on non-Windows systems
[0.482s] INFO:colcon.colcon_core.shell:Creating environment hook '/home/tatan/fis_ws/src/bale_scanner/install/bale_scanner/share/bale_scanner/hook/ament_prefix_path.ps1'
[0.483s] INFO:colcon.colcon_core.shell:Creating environment descriptor '/home/tatan/fis_ws/src/bale_scanner/install/bale_scanner/share/bale_scanner/hook/ament_prefix_path.dsv'
[0.483s] INFO:colcon.colcon_core.shell:Creating environment hook '/home/tatan/fis_ws/src/bale_scanner/install/bale_scanner/share/bale_scanner/hook/ament_prefix_path.sh'
[0.484s] INFO:colcon.colcon_core.shell:Skip shell extension 'powershell' for command environment: Not usable outside of PowerShell
[0.485s] DEBUG:colcon.colcon_core.shell:Skip shell extension 'dsv' for command environment
[0.843s] INFO:colcon.colcon_core.task.python.build:Building Python package in '/home/tatan/fis_ws/src/bale_scanner'
[0.843s] INFO:colcon.colcon_core.shell:Skip shell extension 'powershell' for command environment: Not usable outside of PowerShell
[0.843s] DEBUG:colcon.colcon_core.shell:Skip shell extension 'dsv' for command environment
[1.306s] DEBUG:colcon.colcon_core.event_handler.log_command:Invoking command in '/home/tatan/fis_ws/src/bale_scanner': PYTHONPATH=/home/tatan/fis_ws/src/bale_scanner/build/bale_scanner/prefix_override:/usr/lib/python3/dist-packages/colcon_core/task/python/colcon_distutils_commands:/home/tatan/fis_ws/src/bale_scanner/install/bale_scanner/lib/python3.10/site-packages:${PYTHONPATH} /usr/bin/python3 -W ignore:setup.py install is deprecated -W ignore:easy_install command is deprecated setup.py egg_info --egg-base build/bale_scanner build --build-base /home/tatan/fis_ws/src/bale_scanner/build/bale_scanner/build install --record /home/tatan/fis_ws/src/bale_scanner/build/bale_scanner/install.log --single-version-externally-managed install_data
[1.682s] DEBUG:colcon.colcon_core.event_handler.log_command:Invoked command in '/home/tatan/fis_ws/src/bale_scanner' returned '0': PYTHONPATH=/home/tatan/fis_ws/src/bale_scanner/build/bale_scanner/prefix_override:/usr/lib/python3/dist-packages/colcon_core/task/python/colcon_distutils_commands:/home/tatan/fis_ws/src/bale_scanner/install/bale_scanner/lib/python3.10/site-packages:${PYTHONPATH} /usr/bin/python3 -W ignore:setup.py install is deprecated -W ignore:easy_install command is deprecated setup.py egg_info --egg-base build/bale_scanner build --build-base /home/tatan/fis_ws/src/bale_scanner/build/bale_scanner/build install --record /home/tatan/fis_ws/src/bale_scanner/build/bale_scanner/install.log --single-version-externally-managed install_data
[1.684s] Level 1:colcon.colcon_core.environment:checking '/home/tatan/fis_ws/src/bale_scanner/install/bale_scanner' for CMake module files
[1.685s] Level 1:colcon.colcon_core.environment:checking '/home/tatan/fis_ws/src/bale_scanner/install/bale_scanner' for CMake config files
[1.686s] Level 1:colcon.colcon_core.environment:checking '/home/tatan/fis_ws/src/bale_scanner/install/bale_scanner/lib'
[1.686s] Level 1:colcon.colcon_core.environment:checking '/home/tatan/fis_ws/src/bale_scanner/install/bale_scanner/bin'
[1.686s] Level 1:colcon.colcon_core.environment:checking '/home/tatan/fis_ws/src/bale_scanner/install/bale_scanner/lib/pkgconfig/bale_scanner.pc'
[1.687s] Level 1:colcon.colcon_core.environment:checking '/home/tatan/fis_ws/src/bale_scanner/install/bale_scanner/lib/python3.10/site-packages'
[1.687s] Level 1:colcon.colcon_core.shell:create_environment_hook('bale_scanner', 'pythonpath')
[1.687s] INFO:colcon.colcon_core.shell:Creating environment hook '/home/tatan/fis_ws/src/bale_scanner/install/bale_scanner/share/bale_scanner/hook/pythonpath.ps1'
[1.687s] INFO:colcon.colcon_core.shell:Creating environment descriptor '/home/tatan/fis_ws/src/bale_scanner/install/bale_scanner/share/bale_scanner/hook/pythonpath.dsv'
[1.688s] INFO:colcon.colcon_core.shell:Creating environment hook '/home/tatan/fis_ws/src/bale_scanner/install/bale_scanner/share/bale_scanner/hook/pythonpath.sh'
[1.689s] Level 1:colcon.colcon_core.environment:checking '/home/tatan/fis_ws/src/bale_scanner/install/bale_scanner/bin'
[1.689s] Level 1:colcon.colcon_core.environment:create_environment_scripts_only(bale_scanner)
[1.689s] INFO:colcon.colcon_core.shell:Creating package script '/home/tatan/fis_ws/src/bale_scanner/install/bale_scanner/share/bale_scanner/package.ps1'
[1.690s] INFO:colcon.colcon_core.shell:Creating package descriptor '/home/tatan/fis_ws/src/bale_scanner/install/bale_scanner/share/bale_scanner/package.dsv'
[1.691s] INFO:colcon.colcon_core.shell:Creating package script '/home/tatan/fis_ws/src/bale_scanner/install/bale_scanner/share/bale_scanner/package.sh'
[1.691s] INFO:colcon.colcon_core.shell:Creating package script '/home/tatan/fis_ws/src/bale_scanner/install/bale_scanner/share/bale_scanner/package.bash'
[1.692s] INFO:colcon.colcon_core.shell:Creating package script '/home/tatan/fis_ws/src/bale_scanner/install/bale_scanner/share/bale_scanner/package.zsh'
[1.693s] Level 1:colcon.colcon_core.environment:create_file_with_runtime_dependencies(/home/tatan/fis_ws/src/bale_scanner/install/bale_scanner/share/colcon-core/packages/bale_scanner)
[1.693s] DEBUG:colcon.colcon_parallel_executor.executor.parallel:closing loop
[1.694s] DEBUG:colcon.colcon_parallel_executor.executor.parallel:loop closed
[1.694s] DEBUG:colcon.colcon_parallel_executor.executor.parallel:run_until_complete finished with '0'
[1.694s] DEBUG:colcon.colcon_core.event_reactor:joining thread
[1.700s] INFO:colcon.colcon_core.plugin_system:Skipping extension 'colcon_notification.desktop_notification.terminal_notifier': Not used on non-Darwin systems
[1.700s] INFO:colcon.colcon_core.plugin_system:Skipping extension 'colcon_notification.desktop_notification.win32': Not used on non-Windows systems
[1.700s] INFO:colcon.colcon_notification.desktop_notification:Sending desktop notification using 'notify2'
[1.711s] DEBUG:colcon.colcon_core.event_reactor:joined thread
[1.711s] INFO:colcon.colcon_core.shell:Creating prefix script '/home/tatan/fis_ws/src/bale_scanner/install/local_setup.ps1'
[1.712s] INFO:colcon.colcon_core.shell:Creating prefix util module '/home/tatan/fis_ws/src/bale_scanner/install/_local_setup_util_ps1.py'
[1.714s] INFO:colcon.colcon_core.shell:Creating prefix chain script '/home/tatan/fis_ws/src/bale_scanner/install/setup.ps1'
[1.716s] INFO:colcon.colcon_core.shell:Creating prefix script '/home/tatan/fis_ws/src/bale_scanner/install/local_setup.sh'
[1.717s] INFO:colcon.colcon_core.shell:Creating prefix util module '/home/tatan/fis_ws/src/bale_scanner/install/_local_setup_util_sh.py'
[1.717s] INFO:colcon.colcon_core.shell:Creating prefix chain script '/home/tatan/fis_ws/src/bale_scanner/install/setup.sh'
[1.718s] INFO:colcon.colcon_core.shell:Creating prefix script '/home/tatan/fis_ws/src/bale_scanner/install/local_setup.bash'
[1.719s] INFO:colcon.colcon_core.shell:Creating prefix chain script '/home/tatan/fis_ws/src/bale_scanner/install/setup.bash'
[1.720s] INFO:colcon.colcon_core.shell:Creating prefix script '/home/tatan/fis_ws/src/bale_scanner/install/local_setup.zsh'
[1.720s] INFO:colcon.colcon_core.shell:Creating prefix chain script '/home/tatan/fis_ws/src/bale_scanner/install/setup.zsh'
