running egg_info
creating build/bale_scanner/bale_scanner.egg-info
writing build/bale_scanner/bale_scanner.egg-info/PKG-INFO
writing dependency_links to build/bale_scanner/bale_scanner.egg-info/dependency_links.txt
writing entry points to build/bale_scanner/bale_scanner.egg-info/entry_points.txt
writing requirements to build/bale_scanner/bale_scanner.egg-info/requires.txt
writing top-level names to build/bale_scanner/bale_scanner.egg-info/top_level.txt
writing manifest file 'build/bale_scanner/bale_scanner.egg-info/SOURCES.txt'
reading manifest file 'build/bale_scanner/bale_scanner.egg-info/SOURCES.txt'
writing manifest file 'build/bale_scanner/bale_scanner.egg-info/SOURCES.txt'
running build
running build_py
creating /home/tatan/fis_ws/src/bale_scanner/build/bale_scanner/build
creating /home/tatan/fis_ws/src/bale_scanner/build/bale_scanner/build/lib
creating /home/tatan/fis_ws/src/bale_scanner/build/bale_scanner/build/lib/bale_scanner
copying bale_scanner/__init__.py -> /home/tatan/fis_ws/src/bale_scanner/build/bale_scanner/build/lib/bale_scanner
copying bale_scanner/bale_reconstructor.py -> /home/tatan/fis_ws/src/bale_scanner/build/bale_scanner/build/lib/bale_scanner
copying bale_scanner/test.py -> /home/tatan/fis_ws/src/bale_scanner/build/bale_scanner/build/lib/bale_scanner
running install
running install_lib
creating /home/tatan/fis_ws/src/bale_scanner/install/bale_scanner/lib/python3.10/site-packages/bale_scanner
copying /home/tatan/fis_ws/src/bale_scanner/build/bale_scanner/build/lib/bale_scanner/__init__.py -> /home/tatan/fis_ws/src/bale_scanner/install/bale_scanner/lib/python3.10/site-packages/bale_scanner
copying /home/tatan/fis_ws/src/bale_scanner/build/bale_scanner/build/lib/bale_scanner/bale_reconstructor.py -> /home/tatan/fis_ws/src/bale_scanner/install/bale_scanner/lib/python3.10/site-packages/bale_scanner
copying /home/tatan/fis_ws/src/bale_scanner/build/bale_scanner/build/lib/bale_scanner/test.py -> /home/tatan/fis_ws/src/bale_scanner/install/bale_scanner/lib/python3.10/site-packages/bale_scanner
byte-compiling /home/tatan/fis_ws/src/bale_scanner/install/bale_scanner/lib/python3.10/site-packages/bale_scanner/__init__.py to __init__.cpython-310.pyc
byte-compiling /home/tatan/fis_ws/src/bale_scanner/install/bale_scanner/lib/python3.10/site-packages/bale_scanner/bale_reconstructor.py to bale_reconstructor.cpython-310.pyc
byte-compiling /home/tatan/fis_ws/src/bale_scanner/install/bale_scanner/lib/python3.10/site-packages/bale_scanner/test.py to test.cpython-310.pyc
running install_data
creating /home/tatan/fis_ws/src/bale_scanner/install/bale_scanner/share/ament_index
creating /home/tatan/fis_ws/src/bale_scanner/install/bale_scanner/share/ament_index/resource_index
creating /home/tatan/fis_ws/src/bale_scanner/install/bale_scanner/share/ament_index/resource_index/packages
copying resource/bale_scanner -> /home/tatan/fis_ws/src/bale_scanner/install/bale_scanner/share/ament_index/resource_index/packages
copying package.xml -> /home/tatan/fis_ws/src/bale_scanner/install/bale_scanner/share/bale_scanner
running install_egg_info
Copying build/bale_scanner/bale_scanner.egg-info to /home/tatan/fis_ws/src/bale_scanner/install/bale_scanner/lib/python3.10/site-packages/bale_scanner-0.0.0-py3.10.egg-info
running install_scripts
Installing bale_reconstructor script to /home/tatan/fis_ws/src/bale_scanner/install/bale_scanner/lib/bale_scanner
Installing bale_visualizer script to /home/tatan/fis_ws/src/bale_scanner/install/bale_scanner/lib/bale_scanner
Installing test script to /home/tatan/fis_ws/src/bale_scanner/install/bale_scanner/lib/bale_scanner
writing list of installed files to '/home/tatan/fis_ws/src/bale_scanner/build/bale_scanner/install.log'
