[0.826s] Invoking command in '/home/tatan/fis_ws/src/bale_scanner': PYTHONPATH=/home/tatan/fis_ws/src/bale_scanner/build/bale_scanner/prefix_override:/usr/lib/python3/dist-packages/colcon_core/task/python/colcon_distutils_commands:/home/tatan/fis_ws/src/bale_scanner/install/bale_scanner/lib/python3.10/site-packages:${PYTHONPATH} /usr/bin/python3 -W ignore:setup.py install is deprecated -W ignore:easy_install command is deprecated setup.py egg_info --egg-base build/bale_scanner build --build-base /home/tatan/fis_ws/src/bale_scanner/build/bale_scanner/build install --record /home/tatan/fis_ws/src/bale_scanner/build/bale_scanner/install.log --single-version-externally-managed install_data
[1.134s] running egg_info
[1.134s] creating build/bale_scanner/bale_scanner.egg-info
[1.134s] writing build/bale_scanner/bale_scanner.egg-info/PKG-INFO
[1.135s] writing dependency_links to build/bale_scanner/bale_scanner.egg-info/dependency_links.txt
[1.135s] writing entry points to build/bale_scanner/bale_scanner.egg-info/entry_points.txt
[1.135s] writing requirements to build/bale_scanner/bale_scanner.egg-info/requires.txt
[1.135s] writing top-level names to build/bale_scanner/bale_scanner.egg-info/top_level.txt
[1.135s] writing manifest file 'build/bale_scanner/bale_scanner.egg-info/SOURCES.txt'
[1.137s] reading manifest file 'build/bale_scanner/bale_scanner.egg-info/SOURCES.txt'
[1.138s] writing manifest file 'build/bale_scanner/bale_scanner.egg-info/SOURCES.txt'
[1.138s] running build
[1.139s] running build_py
[1.139s] creating /home/tatan/fis_ws/src/bale_scanner/build/bale_scanner/build
[1.139s] creating /home/tatan/fis_ws/src/bale_scanner/build/bale_scanner/build/lib
[1.139s] creating /home/tatan/fis_ws/src/bale_scanner/build/bale_scanner/build/lib/bale_scanner
[1.139s] copying bale_scanner/__init__.py -> /home/tatan/fis_ws/src/bale_scanner/build/bale_scanner/build/lib/bale_scanner
[1.139s] copying bale_scanner/bale_reconstructor.py -> /home/tatan/fis_ws/src/bale_scanner/build/bale_scanner/build/lib/bale_scanner
[1.139s] copying bale_scanner/test.py -> /home/tatan/fis_ws/src/bale_scanner/build/bale_scanner/build/lib/bale_scanner
[1.139s] running install
[1.140s] running install_lib
[1.141s] creating /home/tatan/fis_ws/src/bale_scanner/install/bale_scanner/lib/python3.10/site-packages/bale_scanner
[1.141s] copying /home/tatan/fis_ws/src/bale_scanner/build/bale_scanner/build/lib/bale_scanner/__init__.py -> /home/tatan/fis_ws/src/bale_scanner/install/bale_scanner/lib/python3.10/site-packages/bale_scanner
[1.141s] copying /home/tatan/fis_ws/src/bale_scanner/build/bale_scanner/build/lib/bale_scanner/bale_reconstructor.py -> /home/tatan/fis_ws/src/bale_scanner/install/bale_scanner/lib/python3.10/site-packages/bale_scanner
[1.141s] copying /home/tatan/fis_ws/src/bale_scanner/build/bale_scanner/build/lib/bale_scanner/test.py -> /home/tatan/fis_ws/src/bale_scanner/install/bale_scanner/lib/python3.10/site-packages/bale_scanner
[1.142s] byte-compiling /home/tatan/fis_ws/src/bale_scanner/install/bale_scanner/lib/python3.10/site-packages/bale_scanner/__init__.py to __init__.cpython-310.pyc
[1.142s] byte-compiling /home/tatan/fis_ws/src/bale_scanner/install/bale_scanner/lib/python3.10/site-packages/bale_scanner/bale_reconstructor.py to bale_reconstructor.cpython-310.pyc
[1.144s] byte-compiling /home/tatan/fis_ws/src/bale_scanner/install/bale_scanner/lib/python3.10/site-packages/bale_scanner/test.py to test.cpython-310.pyc
[1.144s] running install_data
[1.144s] creating /home/tatan/fis_ws/src/bale_scanner/install/bale_scanner/share/ament_index
[1.145s] creating /home/tatan/fis_ws/src/bale_scanner/install/bale_scanner/share/ament_index/resource_index
[1.145s] creating /home/tatan/fis_ws/src/bale_scanner/install/bale_scanner/share/ament_index/resource_index/packages
[1.145s] copying resource/bale_scanner -> /home/tatan/fis_ws/src/bale_scanner/install/bale_scanner/share/ament_index/resource_index/packages
[1.145s] copying package.xml -> /home/tatan/fis_ws/src/bale_scanner/install/bale_scanner/share/bale_scanner
[1.145s] running install_egg_info
[1.147s] Copying build/bale_scanner/bale_scanner.egg-info to /home/tatan/fis_ws/src/bale_scanner/install/bale_scanner/lib/python3.10/site-packages/bale_scanner-0.0.0-py3.10.egg-info
[1.148s] running install_scripts
[1.173s] Installing bale_reconstructor script to /home/tatan/fis_ws/src/bale_scanner/install/bale_scanner/lib/bale_scanner
[1.173s] Installing bale_visualizer script to /home/tatan/fis_ws/src/bale_scanner/install/bale_scanner/lib/bale_scanner
[1.173s] Installing test script to /home/tatan/fis_ws/src/bale_scanner/install/bale_scanner/lib/bale_scanner
[1.173s] writing list of installed files to '/home/tatan/fis_ws/src/bale_scanner/build/bale_scanner/install.log'
[1.202s] Invoked command in '/home/tatan/fis_ws/src/bale_scanner' returned '0': PYTHONPATH=/home/tatan/fis_ws/src/bale_scanner/build/bale_scanner/prefix_override:/usr/lib/python3/dist-packages/colcon_core/task/python/colcon_distutils_commands:/home/tatan/fis_ws/src/bale_scanner/install/bale_scanner/lib/python3.10/site-packages:${PYTHONPATH} /usr/bin/python3 -W ignore:setup.py install is deprecated -W ignore:easy_install command is deprecated setup.py egg_info --egg-base build/bale_scanner build --build-base /home/tatan/fis_ws/src/bale_scanner/build/bale_scanner/build install --record /home/tatan/fis_ws/src/bale_scanner/build/bale_scanner/install.log --single-version-externally-managed install_data
