[0.831s] Invoking command in '/home/tatan/fis_ws/src/bale_scanner': PYTHONPATH=/home/tatan/fis_ws/src/bale_scanner/build/bale_scanner/prefix_override:/usr/lib/python3/dist-packages/colcon_core/task/python/colcon_distutils_commands:/home/tatan/fis_ws/src/bale_scanner/install/bale_scanner/lib/python3.10/site-packages:${PYTHONPATH} /usr/bin/python3 -W ignore:setup.py install is deprecated -W ignore:easy_install command is deprecated setup.py egg_info --egg-base build/bale_scanner build --build-base /home/tatan/fis_ws/src/bale_scanner/build/bale_scanner/build install --record /home/tatan/fis_ws/src/bale_scanner/build/bale_scanner/install.log --single-version-externally-managed install_data
[1.144s] running egg_info
[1.144s] writing build/bale_scanner/bale_scanner.egg-info/PKG-INFO
[1.145s] writing dependency_links to build/bale_scanner/bale_scanner.egg-info/dependency_links.txt
[1.145s] writing entry points to build/bale_scanner/bale_scanner.egg-info/entry_points.txt
[1.145s] writing requirements to build/bale_scanner/bale_scanner.egg-info/requires.txt
[1.145s] writing top-level names to build/bale_scanner/bale_scanner.egg-info/top_level.txt
[1.147s] reading manifest file 'build/bale_scanner/bale_scanner.egg-info/SOURCES.txt'
[1.149s] writing manifest file 'build/bale_scanner/bale_scanner.egg-info/SOURCES.txt'
[1.149s] running build
[1.149s] running build_py
[1.149s] running install
[1.149s] running install_lib
[1.151s] running install_data
[1.151s] running install_egg_info
[1.153s] removing '/home/tatan/fis_ws/src/bale_scanner/install/bale_scanner/lib/python3.10/site-packages/bale_scanner-0.0.0-py3.10.egg-info' (and everything under it)
[1.154s] Copying build/bale_scanner/bale_scanner.egg-info to /home/tatan/fis_ws/src/bale_scanner/install/bale_scanner/lib/python3.10/site-packages/bale_scanner-0.0.0-py3.10.egg-info
[1.155s] running install_scripts
[1.180s] Installing bale_reconstructor script to /home/tatan/fis_ws/src/bale_scanner/install/bale_scanner/lib/bale_scanner
[1.180s] Installing bale_visualizer script to /home/tatan/fis_ws/src/bale_scanner/install/bale_scanner/lib/bale_scanner
[1.181s] Installing test script to /home/tatan/fis_ws/src/bale_scanner/install/bale_scanner/lib/bale_scanner
[1.181s] writing list of installed files to '/home/tatan/fis_ws/src/bale_scanner/build/bale_scanner/install.log'
[1.210s] Invoked command in '/home/tatan/fis_ws/src/bale_scanner' returned '0': PYTHONPATH=/home/tatan/fis_ws/src/bale_scanner/build/bale_scanner/prefix_override:/usr/lib/python3/dist-packages/colcon_core/task/python/colcon_distutils_commands:/home/tatan/fis_ws/src/bale_scanner/install/bale_scanner/lib/python3.10/site-packages:${PYTHONPATH} /usr/bin/python3 -W ignore:setup.py install is deprecated -W ignore:easy_install command is deprecated setup.py egg_info --egg-base build/bale_scanner build --build-base /home/tatan/fis_ws/src/bale_scanner/build/bale_scanner/build install --record /home/tatan/fis_ws/src/bale_scanner/build/bale_scanner/install.log --single-version-externally-managed install_data
