[0.858s] Invoking command in '/home/tatan/fis_ws/src/bale_scanner': PYTHONPATH=/home/tatan/fis_ws/src/bale_scanner/build/bale_scanner/prefix_override:/usr/lib/python3/dist-packages/colcon_core/task/python/colcon_distutils_commands:/home/tatan/fis_ws/src/bale_scanner/install/bale_scanner/lib/python3.10/site-packages:${PYTHONPATH} /usr/bin/python3 -W ignore:setup.py install is deprecated -W ignore:easy_install command is deprecated setup.py egg_info --egg-base build/bale_scanner build --build-base /home/tatan/fis_ws/src/bale_scanner/build/bale_scanner/build install --record /home/tatan/fis_ws/src/bale_scanner/build/bale_scanner/install.log --single-version-externally-managed install_data
[1.176s] running egg_info
[1.176s] writing build/bale_scanner/bale_scanner.egg-info/PKG-INFO
[1.177s] writing dependency_links to build/bale_scanner/bale_scanner.egg-info/dependency_links.txt
[1.177s] writing entry points to build/bale_scanner/bale_scanner.egg-info/entry_points.txt
[1.177s] writing requirements to build/bale_scanner/bale_scanner.egg-info/requires.txt
[1.177s] writing top-level names to build/bale_scanner/bale_scanner.egg-info/top_level.txt
[1.179s] reading manifest file 'build/bale_scanner/bale_scanner.egg-info/SOURCES.txt'
[1.180s] writing manifest file 'build/bale_scanner/bale_scanner.egg-info/SOURCES.txt'
[1.180s] running build
[1.180s] running build_py
[1.181s] copying bale_scanner/bale_visualizer.py -> /home/tatan/fis_ws/src/bale_scanner/build/bale_scanner/build/lib/bale_scanner
[1.181s] running install
[1.181s] running install_lib
[1.182s] copying /home/tatan/fis_ws/src/bale_scanner/build/bale_scanner/build/lib/bale_scanner/bale_visualizer.py -> /home/tatan/fis_ws/src/bale_scanner/install/bale_scanner/lib/python3.10/site-packages/bale_scanner
[1.183s] byte-compiling /home/tatan/fis_ws/src/bale_scanner/install/bale_scanner/lib/python3.10/site-packages/bale_scanner/bale_visualizer.py to bale_visualizer.cpython-310.pyc
[1.185s] running install_data
[1.185s] running install_egg_info
[1.187s] removing '/home/tatan/fis_ws/src/bale_scanner/install/bale_scanner/lib/python3.10/site-packages/bale_scanner-0.0.0-py3.10.egg-info' (and everything under it)
[1.187s] Copying build/bale_scanner/bale_scanner.egg-info to /home/tatan/fis_ws/src/bale_scanner/install/bale_scanner/lib/python3.10/site-packages/bale_scanner-0.0.0-py3.10.egg-info
[1.188s] running install_scripts
[1.213s] Installing bale_reconstructor script to /home/tatan/fis_ws/src/bale_scanner/install/bale_scanner/lib/bale_scanner
[1.214s] Installing bale_visualizer script to /home/tatan/fis_ws/src/bale_scanner/install/bale_scanner/lib/bale_scanner
[1.214s] Installing test script to /home/tatan/fis_ws/src/bale_scanner/install/bale_scanner/lib/bale_scanner
[1.214s] writing list of installed files to '/home/tatan/fis_ws/src/bale_scanner/build/bale_scanner/install.log'
[1.246s] Invoked command in '/home/tatan/fis_ws/src/bale_scanner' returned '0': PYTHONPATH=/home/tatan/fis_ws/src/bale_scanner/build/bale_scanner/prefix_override:/usr/lib/python3/dist-packages/colcon_core/task/python/colcon_distutils_commands:/home/tatan/fis_ws/src/bale_scanner/install/bale_scanner/lib/python3.10/site-packages:${PYTHONPATH} /usr/bin/python3 -W ignore:setup.py install is deprecated -W ignore:easy_install command is deprecated setup.py egg_info --egg-base build/bale_scanner build --build-base /home/tatan/fis_ws/src/bale_scanner/build/bale_scanner/build install --record /home/tatan/fis_ws/src/bale_scanner/build/bale_scanner/install.log --single-version-externally-managed install_data
